2025-02-25 11:12:39,873 [INFO] AICortex - Workflow avanzando de DATA_LOADING a DATA_LOADING
2025-02-25 11:12:39,875 [INFO] AICortex - Documentada operación: Cambio de Etapa: DATA_LOADING
2025-02-25 11:12:39,880 [INFO] AICortex - Datos cargados desde sessions\25cebedd-e52c-4cf9-868b-8ec729c9ff39\25cebedd-e52c-4cf9-868b-8ec729c9ff39_dataset.csv: (77, 16)
2025-02-25 11:12:39,890 [INFO] AICortex - Documentada operación: Carga de Datos
2025-02-25 11:12:39,892 [INFO] AICortex - Analizando la intención del usuario...
2025-02-25 11:12:40,867 [INFO] IntentAgent - Intención detectada: {'target_column': 'calorias', 'problem_type': 'regression', 'context': 'Predicción numérica'}
2025-02-25 11:12:40,873 [INFO] AICortex - Resolviendo la columna objetivo...
2025-02-25 11:12:40,880 [INFO] AICortex - Documentada operación: Análisis Inicial del Dataset
2025-02-25 11:12:41,493 [INFO] AICortex - Columna objetivo seleccionada: calories
2025-02-25 11:12:41,514 [INFO] AICortex - Documentada operación: Análisis de la Columna Objetivo
2025-02-25 11:12:41,516 [INFO] AICortex - Columna objetivo establecida: calories
2025-02-25 11:12:41,520 [INFO] AICortex - Documentada operación: Selección de Columna Objetivo
2025-02-25 11:12:41,521 [INFO] AICortex - Iniciando preprocesamiento de datos...
2025-02-25 11:12:41,522 [WARNING] DataAlchemist - Dataset tiene menos de 100 filas: 77
2025-02-25 11:12:41,524 [INFO] AICortex - Documentada operación: Validación del Dataset
2025-02-25 11:12:41,528 [INFO] AICortex - Documentada operación: Análisis Exploratorio de Datos
2025-02-25 11:12:41,535 [INFO] AICortex - Documentada operación: Ingeniería de Características
2025-02-25 11:12:41,538 [INFO] AICortex - Documentada operación: Construcción del Pipeline de Preprocesamiento
2025-02-25 11:12:41,574 [INFO] AICortex - Documentada operación: Aplicación del Pipeline y Transformación de Datos
2025-02-25 11:12:41,574 [INFO] AICortex - Preprocesamiento completado correctamente.
2025-02-25 11:12:41,575 [INFO] AICortex - Iniciando conjuración del modelo...
2025-02-25 11:12:41,577 [INFO] AICortex - Documentada operación: Inicio del Proceso de Modelado
2025-02-25 11:12:41,618 [INFO] AICortex - Documentada operación: Selección Automática del Modelo
2025-02-25 11:12:41,621 [INFO] AICortex - Documentada operación: Validación de Entradas del Modelo
2025-02-25 11:12:41,625 [INFO] AICortex - Documentada operación: División en Conjuntos de Entrenamiento y Prueba
2025-02-25 11:12:41,706 [INFO] AICortex - Documentada operación: Entrenamiento del Modelo
2025-02-25 11:12:42,109 [INFO] AICortex - Documentada operación: Evaluación del Modelo
2025-02-25 11:12:42,111 [INFO] AICortex - Documentada operación: Validación Cruzada
2025-02-25 11:12:42,111 [INFO] AICortex - Modelo generado y validado con éxito. Métricas: {'r2': 0.610764397905759, 'mse': 116.16250000000005, 'rmse': 10.777870847249936, 'cv_r2_mean': 0.22234972543694118, 'cv_r2_std': 0.38555356336541763}
2025-02-25 11:12:42,113 [INFO] AICortex - Documentada operación: Modelo Generado Exitosamente
2025-02-25 11:12:42,113 [INFO] AICortex - Validando el flujo completo en OracleAgent...
2025-02-25 11:12:42,114 [WARNING] Oracle - Conjunto de datos tiene menos de 100 filas
2025-02-25 11:12:42,114 [INFO] Oracle - Rendimiento del modelo validado correctamente
2025-02-25 11:12:42,174 [INFO] AICortex - Validación del flujo completada correctamente.
2025-02-25 11:12:42,180 [INFO] AICortex - Documentada operación: Validación Final del Workflow
2025-02-25 11:12:42,196 [INFO] AICortex - Workflow avanzando de DATA_LOADING a DEPLOYMENT
2025-02-25 11:12:42,199 [INFO] AICortex - Documentada operación: Cambio de Etapa: DEPLOYMENT
2025-02-25 11:12:42,204 [INFO] AICortex - Documentada operación: Despliegue del Modelo
2025-02-25 11:35:08,738 [INFO] AICortex - Workflow avanzando de DATA_LOADING a DATA_LOADING
2025-02-25 11:35:08,740 [INFO] AICortex - Documentada operación: Cambio de Etapa: DATA_LOADING
2025-02-25 11:35:08,746 [INFO] AICortex - Datos cargados desde sessions\fa7e2711-00d0-4735-b2dd-bd117d0b46a3\fa7e2711-00d0-4735-b2dd-bd117d0b46a3_dataset.csv: (77, 16)
2025-02-25 11:35:08,758 [INFO] AICortex - Documentada operación: Carga de Datos
2025-02-25 11:35:08,759 [INFO] AICortex - Analizando la intención del usuario...
2025-02-25 11:35:09,726 [INFO] IntentAgent - Intención detectada: {'target_column': 'rating', 'problem_type': 'regression', 'context': 'Predicción de la valoración de un cereal, lo que implica un valor numérico.'}
2025-02-25 11:35:09,729 [INFO] AICortex - Resolviendo la columna objetivo...
2025-02-25 11:35:09,738 [INFO] AICortex - Documentada operación: Análisis Inicial del Dataset
2025-02-25 11:35:10,245 [INFO] AICortex - Columna objetivo seleccionada: rating
2025-02-25 11:35:10,249 [INFO] AICortex - Documentada operación: Análisis de la Columna Objetivo
2025-02-25 11:35:10,251 [INFO] AICortex - Columna objetivo establecida: rating
2025-02-25 11:35:10,252 [INFO] AICortex - Documentada operación: Selección de Columna Objetivo
2025-02-25 11:35:10,253 [INFO] AICortex - Iniciando preprocesamiento de datos...
2025-02-25 11:35:10,253 [WARNING] DataAlchemist - Dataset tiene menos de 100 filas: 77
2025-02-25 11:35:10,257 [INFO] AICortex - Documentada operación: Validación del Dataset
2025-02-25 11:35:10,261 [INFO] AICortex - Documentada operación: Análisis Exploratorio de Datos
2025-02-25 11:35:10,274 [INFO] AICortex - Documentada operación: Ingeniería de Características
2025-02-25 11:35:10,280 [INFO] AICortex - Documentada operación: Construcción del Pipeline de Preprocesamiento
2025-02-25 11:35:10,314 [INFO] AICortex - Documentada operación: Aplicación del Pipeline y Transformación de Datos
2025-02-25 11:35:10,314 [INFO] AICortex - Preprocesamiento completado correctamente.
2025-02-25 11:35:10,316 [INFO] AICortex - Iniciando conjuración del modelo...
2025-02-25 11:35:10,319 [INFO] AICortex - Documentada operación: Inicio del Proceso de Modelado
2025-02-25 11:35:10,363 [INFO] AICortex - Documentada operación: Selección Automática del Modelo
2025-02-25 11:35:10,368 [INFO] AICortex - Documentada operación: Validación de Entradas del Modelo
2025-02-25 11:35:10,389 [INFO] AICortex - Documentada operación: División en Conjuntos de Entrenamiento y Prueba
2025-02-25 11:35:10,496 [INFO] AICortex - Documentada operación: Entrenamiento del Modelo
2025-02-25 11:35:10,959 [INFO] AICortex - Documentada operación: Evaluación del Modelo
2025-02-25 11:35:10,961 [INFO] AICortex - Documentada operación: Validación Cruzada
2025-02-25 11:35:10,962 [INFO] AICortex - Modelo generado y validado con éxito. Métricas: {'r2': 0.8272544922361549, 'mse': 37.94446150270675, 'rmse': 6.15990758881225, 'cv_r2_mean': 0.7496235808437788, 'cv_r2_std': 0.04490488955235189}
2025-02-25 11:35:10,963 [INFO] AICortex - Documentada operación: Modelo Generado Exitosamente
2025-02-25 11:35:10,964 [INFO] AICortex - Validando el flujo completo en OracleAgent...
2025-02-25 11:35:10,964 [WARNING] Oracle - Conjunto de datos tiene menos de 100 filas
2025-02-25 11:35:10,965 [INFO] Oracle - Rendimiento del modelo validado correctamente
2025-02-25 11:35:11,023 [INFO] AICortex - Validación del flujo completada correctamente.
2025-02-25 11:35:11,026 [INFO] AICortex - Documentada operación: Validación Final del Workflow
2025-02-25 11:35:11,043 [INFO] AICortex - Workflow avanzando de DATA_LOADING a DEPLOYMENT
2025-02-25 11:35:11,047 [INFO] AICortex - Documentada operación: Cambio de Etapa: DEPLOYMENT
2025-02-25 11:35:11,051 [INFO] AICortex - Documentada operación: Despliegue del Modelo
2025-02-25 11:47:45,356 [INFO] AICortex - Workflow avanzando de DATA_LOADING a DATA_LOADING
2025-02-25 11:47:45,359 [INFO] AICortex - Documentada operación: Cambio de Etapa: DATA_LOADING
2025-02-25 11:47:45,366 [INFO] AICortex - Datos cargados desde sessions\a8eb0931-3e2b-4a83-9f86-bc8c75505fad\a8eb0931-3e2b-4a83-9f86-bc8c75505fad_dataset.csv: (77, 16)
2025-02-25 11:47:45,382 [INFO] AICortex - Documentada operación: Carga de Datos
2025-02-25 11:47:45,383 [INFO] AICortex - Analizando la intención del usuario...
2025-02-25 11:47:46,323 [INFO] IntentAgent - Intención detectada: {'target_column': 'rating', 'problem_type': 'regression', 'context': 'Predicción de una calificación numérica.'}
2025-02-25 11:47:46,326 [INFO] AICortex - Resolviendo la columna objetivo...
2025-02-25 11:47:46,339 [INFO] AICortex - Documentada operación: Análisis Inicial del Dataset
2025-02-25 11:47:46,842 [INFO] AICortex - Columna objetivo seleccionada: rating
2025-02-25 11:47:46,846 [INFO] AICortex - Documentada operación: Análisis de la Columna Objetivo
2025-02-25 11:47:46,846 [INFO] AICortex - Columna objetivo establecida: rating
2025-02-25 11:47:46,849 [INFO] AICortex - Documentada operación: Selección de Columna Objetivo
2025-02-25 11:47:46,850 [INFO] AICortex - Iniciando preprocesamiento de datos...
2025-02-25 11:47:46,851 [WARNING] DataAlchemist - Dataset tiene menos de 100 filas: 77
2025-02-25 11:47:46,853 [INFO] AICortex - Documentada operación: Validación del Dataset
2025-02-25 11:47:46,857 [INFO] AICortex - Documentada operación: Análisis Exploratorio de Datos
2025-02-25 11:47:46,865 [INFO] AICortex - Documentada operación: Ingeniería de Características
2025-02-25 11:47:46,871 [INFO] AICortex - Documentada operación: Construcción del Pipeline de Preprocesamiento
2025-02-25 11:47:46,930 [INFO] AICortex - Documentada operación: Aplicación del Pipeline y Transformación de Datos
2025-02-25 11:47:46,930 [INFO] AICortex - Preprocesamiento completado correctamente.
2025-02-25 11:47:46,932 [INFO] AICortex - Iniciando conjuración del modelo...
2025-02-25 11:47:46,936 [INFO] AICortex - Documentada operación: Inicio del Proceso de Modelado
2025-02-25 11:47:47,493 [INFO] AICortex - Documentada operación: Selección Automática del Modelo
2025-02-25 11:47:47,497 [INFO] AICortex - Documentada operación: Validación de Entradas del Modelo
2025-02-25 11:47:47,500 [INFO] AICortex - Documentada operación: División en Conjuntos de Entrenamiento y Prueba
2025-02-25 11:47:47,589 [INFO] AICortex - Documentada operación: Entrenamiento del Modelo
2025-02-25 11:47:48,044 [INFO] AICortex - Documentada operación: Evaluación del Modelo
2025-02-25 11:47:48,046 [INFO] AICortex - Documentada operación: Validación Cruzada
2025-02-25 11:47:48,046 [INFO] AICortex - Modelo generado y validado con éxito. Métricas: {'r2': 0.8272544922361549, 'mse': 37.94446150270675, 'rmse': 6.15990758881225, 'cv_r2_mean': 0.7496235808437788, 'cv_r2_std': 0.04490488955235189}
2025-02-25 11:47:48,062 [INFO] AICortex - Documentada operación: Modelo Generado Exitosamente
2025-02-25 11:47:48,063 [INFO] AICortex - Validando el flujo completo en OracleAgent...
2025-02-25 11:47:48,064 [WARNING] Oracle - Conjunto de datos tiene menos de 100 filas
2025-02-25 11:47:48,064 [INFO] Oracle - Rendimiento del modelo validado correctamente
2025-02-25 11:47:48,129 [INFO] AICortex - Validación del flujo completada correctamente.
2025-02-25 11:47:48,134 [INFO] AICortex - Documentada operación: Validación Final del Workflow
2025-02-25 11:47:48,165 [INFO] AICortex - Workflow avanzando de DATA_LOADING a DEPLOYMENT
2025-02-25 11:47:48,168 [INFO] AICortex - Documentada operación: Cambio de Etapa: DEPLOYMENT
2025-02-25 11:47:48,171 [INFO] AICortex - Documentada operación: Despliegue del Modelo
2025-02-25 11:55:38,152 [INFO] AICortex - Workflow avanzando de DATA_LOADING a DATA_LOADING
2025-02-25 11:55:38,154 [INFO] AICortex - Documentada operación: Cambio de Etapa: DATA_LOADING
2025-02-25 11:55:38,190 [INFO] AICortex - Datos cargados desde sessions\bfddee8f-bf2c-48c7-a231-0d760a74674c\bfddee8f-bf2c-48c7-a231-0d760a74674c_dataset.csv: (9538, 17)
2025-02-25 11:55:38,206 [INFO] AICortex - Documentada operación: Carga de Datos
2025-02-25 11:55:38,208 [INFO] AICortex - Analizando la intención del usuario...
2025-02-25 11:55:39,075 [INFO] IntentAgent - Intención detectada: {'target_column': 'outcome', 'problem_type': 'classification', 'context': 'Predicción de resultados binarios o multi-clase'}
2025-02-25 11:55:39,076 [INFO] AICortex - Resolviendo la columna objetivo...
2025-02-25 11:55:39,088 [INFO] AICortex - Documentada operación: Análisis Inicial del Dataset
2025-02-25 11:55:39,721 [INFO] AICortex - Columna objetivo seleccionada: Outcome
2025-02-25 11:55:39,727 [INFO] AICortex - Documentada operación: Análisis de la Columna Objetivo
2025-02-25 11:55:39,728 [INFO] AICortex - Columna objetivo establecida: Outcome
2025-02-25 11:55:39,729 [INFO] AICortex - Documentada operación: Selección de Columna Objetivo
2025-02-25 11:55:39,730 [INFO] AICortex - Iniciando preprocesamiento de datos...
2025-02-25 11:55:39,735 [INFO] AICortex - Documentada operación: Validación del Dataset
2025-02-25 11:55:39,741 [INFO] AICortex - Documentada operación: Análisis Exploratorio de Datos
2025-02-25 11:55:39,753 [INFO] AICortex - Documentada operación: Ingeniería de Características
2025-02-25 11:55:39,759 [INFO] AICortex - Documentada operación: Construcción del Pipeline de Preprocesamiento
2025-02-25 11:55:39,794 [INFO] AICortex - Documentada operación: Aplicación del Pipeline y Transformación de Datos
2025-02-25 11:55:39,794 [INFO] AICortex - Preprocesamiento completado correctamente.
2025-02-25 11:55:39,797 [INFO] AICortex - Iniciando conjuración del modelo...
2025-02-25 11:55:39,801 [INFO] AICortex - Documentada operación: Inicio del Proceso de Modelado
2025-02-25 11:55:39,853 [INFO] AICortex - Documentada operación: Selección Automática del Modelo
2025-02-25 11:55:39,858 [INFO] AICortex - Documentada operación: Validación de Entradas del Modelo
2025-02-25 11:55:39,868 [INFO] AICortex - Documentada operación: División en Conjuntos de Entrenamiento y Prueba
2025-02-25 11:55:40,929 [INFO] AICortex - Documentada operación: Entrenamiento del Modelo
2025-02-25 11:55:46,452 [INFO] AICortex - 
Reporte de clasificación:
              precision    recall  f1-score   support

           0       1.00      1.00      1.00      1251
           1       1.00      1.00      1.00       657

    accuracy                           1.00      1908
   macro avg       1.00      1.00      1.00      1908
weighted avg       1.00      1.00      1.00      1908

2025-02-25 11:55:46,457 [INFO] AICortex - Documentada operación: Evaluación del Modelo
2025-02-25 11:55:46,459 [INFO] AICortex - Documentada operación: Validación Cruzada
2025-02-25 11:55:46,460 [INFO] AICortex - Modelo generado y validado con éxito. Métricas: {'accuracy': 1.0, 'f1': 1.0, 'precision': 1.0, 'recall': 1.0, 'cv_accuracy_mean': 1.0, 'cv_accuracy_std': 0.0}
2025-02-25 11:55:46,461 [INFO] AICortex - Documentada operación: Modelo Generado Exitosamente
2025-02-25 11:55:46,462 [INFO] AICortex - Validando el flujo completo en OracleAgent...
2025-02-25 11:55:46,462 [INFO] Oracle - Rendimiento del modelo validado correctamente
2025-02-25 11:55:46,496 [INFO] AICortex - Validación del flujo completada correctamente.
2025-02-25 11:55:46,499 [INFO] AICortex - Documentada operación: Validación Final del Workflow
2025-02-25 11:55:46,505 [INFO] AICortex - Workflow avanzando de DATA_LOADING a DEPLOYMENT
2025-02-25 11:55:46,507 [INFO] AICortex - Documentada operación: Cambio de Etapa: DEPLOYMENT
2025-02-25 11:55:46,510 [INFO] AICortex - Documentada operación: Despliegue del Modelo
2025-02-25 11:58:44,436 [INFO] AICortex - Workflow avanzando de DATA_LOADING a DATA_LOADING
2025-02-25 11:58:44,438 [INFO] AICortex - Documentada operación: Cambio de Etapa: DATA_LOADING
2025-02-25 11:58:44,443 [INFO] AICortex - Datos cargados desde sessions\42ed7b6b-3278-4c0b-bd40-5019aa417550\42ed7b6b-3278-4c0b-bd40-5019aa417550_dataset.csv: (77, 16)
2025-02-25 11:58:44,452 [INFO] AICortex - Documentada operación: Carga de Datos
2025-02-25 11:58:44,453 [INFO] AICortex - Analizando la intención del usuario...
2025-02-25 11:58:45,810 [INFO] IntentAgent - Intención detectada: {'target_column': 'mfr', 'problem_type': 'regression', 'context': "Predicción de manufacturador (asumiendo que 'mfr' representa un valor numérico o un código que se puede predecir). Podría ser clasificación si 'mfr' representa categorías discretas."}
2025-02-25 11:58:45,811 [INFO] AICortex - Resolviendo la columna objetivo...
2025-02-25 11:58:45,822 [INFO] AICortex - Documentada operación: Análisis Inicial del Dataset
2025-02-25 11:58:46,364 [INFO] AICortex - Columna objetivo seleccionada: rating
2025-02-25 11:58:46,368 [INFO] AICortex - Documentada operación: Análisis de la Columna Objetivo
2025-02-25 11:58:46,369 [INFO] AICortex - Columna objetivo establecida: rating
2025-02-25 11:58:46,371 [INFO] AICortex - Documentada operación: Selección de Columna Objetivo
2025-02-25 11:58:46,372 [INFO] AICortex - Iniciando preprocesamiento de datos...
2025-02-25 11:58:46,372 [WARNING] DataAlchemist - Dataset tiene menos de 100 filas: 77
2025-02-25 11:58:46,376 [INFO] AICortex - Documentada operación: Validación del Dataset
2025-02-25 11:58:46,378 [INFO] AICortex - Documentada operación: Análisis Exploratorio de Datos
2025-02-25 11:58:46,412 [INFO] AICortex - Documentada operación: Ingeniería de Características
2025-02-25 11:58:46,418 [INFO] AICortex - Documentada operación: Construcción del Pipeline de Preprocesamiento
2025-02-25 11:58:46,467 [INFO] AICortex - Documentada operación: Aplicación del Pipeline y Transformación de Datos
2025-02-25 11:58:46,468 [INFO] AICortex - Preprocesamiento completado correctamente.
2025-02-25 11:58:46,469 [INFO] AICortex - Iniciando conjuración del modelo...
2025-02-25 11:58:46,472 [INFO] AICortex - Documentada operación: Inicio del Proceso de Modelado
2025-02-25 11:58:46,477 [INFO] AICortex - Documentada operación: Selección Automática del Modelo
2025-02-25 11:58:46,481 [INFO] AICortex - Documentada operación: Validación de Entradas del Modelo
2025-02-25 11:58:46,487 [INFO] AICortex - Documentada operación: División en Conjuntos de Entrenamiento y Prueba
2025-02-25 11:58:46,634 [INFO] AICortex - Documentada operación: Entrenamiento del Modelo
2025-02-25 11:58:47,205 [INFO] AICortex - Documentada operación: Evaluación del Modelo
2025-02-25 11:58:47,209 [INFO] AICortex - Documentada operación: Validación Cruzada
2025-02-25 11:58:47,210 [INFO] AICortex - Modelo generado y validado con éxito. Métricas: {'r2': 0.8272544922361549, 'mse': 37.94446150270675, 'rmse': 6.15990758881225, 'cv_r2_mean': 0.7496235808437788, 'cv_r2_std': 0.04490488955235189}
2025-02-25 11:58:47,212 [INFO] AICortex - Documentada operación: Modelo Generado Exitosamente
2025-02-25 11:58:47,213 [INFO] AICortex - Validando el flujo completo en OracleAgent...
2025-02-25 11:58:47,213 [WARNING] Oracle - Conjunto de datos tiene menos de 100 filas
2025-02-25 11:58:47,213 [INFO] Oracle - Rendimiento del modelo validado correctamente
2025-02-25 11:58:47,283 [INFO] AICortex - Validación del flujo completada correctamente.
2025-02-25 11:58:47,287 [INFO] AICortex - Documentada operación: Validación Final del Workflow
2025-02-25 11:58:47,308 [INFO] AICortex - Workflow avanzando de DATA_LOADING a DEPLOYMENT
2025-02-25 11:58:47,311 [INFO] AICortex - Documentada operación: Cambio de Etapa: DEPLOYMENT
2025-02-25 11:58:47,315 [INFO] AICortex - Documentada operación: Despliegue del Modelo
2025-02-25 11:59:38,123 [INFO] AICortex - Workflow avanzando de DATA_LOADING a DATA_LOADING
2025-02-25 11:59:38,126 [INFO] AICortex - Documentada operación: Cambio de Etapa: DATA_LOADING
2025-02-25 11:59:38,169 [INFO] AICortex - Datos cargados desde sessions\ba5fbc9a-8ab4-455d-9679-bd36db6e238a\ba5fbc9a-8ab4-455d-9679-bd36db6e238a_dataset.csv: (9538, 17)
2025-02-25 11:59:38,186 [INFO] AICortex - Documentada operación: Carga de Datos
2025-02-25 11:59:38,188 [INFO] AICortex - Analizando la intención del usuario...
2025-02-25 11:59:38,962 [INFO] IntentAgent - Intención detectada: {'target_column': 'age', 'problem_type': 'regression', 'context': 'Predicción de edad'}
2025-02-25 11:59:38,965 [INFO] AICortex - Resolviendo la columna objetivo...
2025-02-25 11:59:38,992 [INFO] AICortex - Documentada operación: Análisis Inicial del Dataset
2025-02-25 11:59:39,531 [INFO] AICortex - Columna objetivo seleccionada: Age
2025-02-25 11:59:39,546 [INFO] AICortex - Documentada operación: Análisis de la Columna Objetivo
2025-02-25 11:59:39,548 [INFO] AICortex - Columna objetivo establecida: Age
2025-02-25 11:59:39,556 [INFO] AICortex - Documentada operación: Selección de Columna Objetivo
2025-02-25 11:59:39,559 [INFO] AICortex - Iniciando preprocesamiento de datos...
2025-02-25 11:59:39,570 [INFO] AICortex - Documentada operación: Validación del Dataset
2025-02-25 11:59:39,585 [INFO] AICortex - Documentada operación: Análisis Exploratorio de Datos
2025-02-25 11:59:39,608 [INFO] AICortex - Documentada operación: Ingeniería de Características
2025-02-25 11:59:39,622 [INFO] AICortex - Documentada operación: Construcción del Pipeline de Preprocesamiento
2025-02-25 11:59:39,689 [INFO] AICortex - Documentada operación: Aplicación del Pipeline y Transformación de Datos
2025-02-25 11:59:39,690 [INFO] AICortex - Preprocesamiento completado correctamente.
2025-02-25 11:59:39,691 [INFO] AICortex - Iniciando conjuración del modelo...
2025-02-25 11:59:39,696 [INFO] AICortex - Documentada operación: Inicio del Proceso de Modelado
2025-02-25 11:59:39,702 [INFO] AICortex - Documentada operación: Selección Automática del Modelo
2025-02-25 11:59:39,713 [INFO] AICortex - Documentada operación: Validación de Entradas del Modelo
2025-02-25 11:59:39,725 [INFO] AICortex - Documentada operación: División en Conjuntos de Entrenamiento y Prueba
2025-02-25 11:59:41,536 [INFO] AICortex - Documentada operación: Entrenamiento del Modelo
2025-02-25 11:59:49,931 [INFO] AICortex - Documentada operación: Evaluación del Modelo
2025-02-25 11:59:49,936 [INFO] AICortex - Documentada operación: Validación Cruzada
2025-02-25 11:59:49,937 [INFO] AICortex - Modelo generado y validado con éxito. Métricas: {'r2': 0.7790523838309047, 'mse': 93.61586931800842, 'rmse': 9.675529407634935, 'cv_r2_mean': 0.7757677068058779, 'cv_r2_std': 0.0059392342356914}
2025-02-25 11:59:49,939 [INFO] AICortex - Documentada operación: Modelo Generado Exitosamente
2025-02-25 11:59:49,940 [INFO] AICortex - Validando el flujo completo en OracleAgent...
2025-02-25 11:59:49,941 [INFO] Oracle - Rendimiento del modelo validado correctamente
2025-02-25 11:59:50,003 [INFO] AICortex - Validación del flujo completada correctamente.
2025-02-25 11:59:50,007 [INFO] AICortex - Documentada operación: Validación Final del Workflow
2025-02-25 11:59:50,018 [INFO] AICortex - Workflow avanzando de DATA_LOADING a DEPLOYMENT
2025-02-25 11:59:50,020 [INFO] AICortex - Documentada operación: Cambio de Etapa: DEPLOYMENT
2025-02-25 11:59:50,024 [INFO] AICortex - Documentada operación: Despliegue del Modelo
2025-02-25 12:04:56,971 [INFO] AICortex - Workflow avanzando de DATA_LOADING a DATA_LOADING
2025-02-25 12:04:56,974 [INFO] AICortex - Documentada operación: Cambio de Etapa: DATA_LOADING
2025-02-25 12:04:57,016 [INFO] AICortex - Datos cargados desde sessions\442d7a9b-a8c4-4b76-a775-ba3ca6412685\442d7a9b-a8c4-4b76-a775-ba3ca6412685_dataset.csv: (9538, 17)
2025-02-25 12:04:57,032 [INFO] AICortex - Documentada operación: Carga de Datos
2025-02-25 12:04:57,033 [INFO] AICortex - Analizando la intención del usuario...
2025-02-25 12:04:58,166 [INFO] IntentAgent - Intención detectada: {'target_column': 'medicationUse', 'problem_type': 'regression', 'context': 'Predicción de uso de medicación, probablemente un valor numérico o de frecuencia.'}
2025-02-25 12:04:58,167 [INFO] AICortex - Resolviendo la columna objetivo...
2025-02-25 12:04:58,182 [INFO] AICortex - Documentada operación: Análisis Inicial del Dataset
2025-02-25 12:04:58,833 [INFO] AICortex - Columna objetivo seleccionada: HbA1c
2025-02-25 12:04:58,838 [INFO] AICortex - Documentada operación: Análisis de la Columna Objetivo
2025-02-25 12:04:58,839 [INFO] AICortex - Columna objetivo establecida: HbA1c
2025-02-25 12:04:58,840 [INFO] AICortex - Documentada operación: Selección de Columna Objetivo
2025-02-25 12:04:58,841 [INFO] AICortex - Iniciando preprocesamiento de datos...
2025-02-25 12:04:58,843 [INFO] AICortex - Documentada operación: Validación del Dataset
2025-02-25 12:04:58,846 [INFO] AICortex - Documentada operación: Análisis Exploratorio de Datos
2025-02-25 12:04:58,856 [INFO] AICortex - Documentada operación: Ingeniería de Características
2025-02-25 12:04:58,859 [INFO] AICortex - Documentada operación: Construcción del Pipeline de Preprocesamiento
2025-02-25 12:04:58,881 [INFO] AICortex - Documentada operación: Aplicación del Pipeline y Transformación de Datos
2025-02-25 12:04:58,881 [INFO] AICortex - Preprocesamiento completado correctamente.
2025-02-25 12:04:58,883 [INFO] AICortex - Iniciando conjuración del modelo...
2025-02-25 12:04:58,885 [INFO] AICortex - Documentada operación: Inicio del Proceso de Modelado
2025-02-25 12:04:58,887 [INFO] AICortex - Documentada operación: Selección Automática del Modelo
2025-02-25 12:04:58,891 [INFO] AICortex - Documentada operación: Validación de Entradas del Modelo
2025-02-25 12:04:58,898 [INFO] AICortex - Documentada operación: División en Conjuntos de Entrenamiento y Prueba
2025-02-25 12:05:00,362 [INFO] AICortex - Documentada operación: Entrenamiento del Modelo
2025-02-25 12:05:08,237 [INFO] AICortex - Documentada operación: Evaluación del Modelo
2025-02-25 12:05:08,241 [INFO] AICortex - Documentada operación: Validación Cruzada
2025-02-25 12:05:08,242 [INFO] AICortex - Modelo generado y validado con éxito. Métricas: {'r2': 0.6722020198233416, 'mse': 0.07279529588577077, 'rmse': 0.2698060338201701, 'cv_r2_mean': 0.67731977030672, 'cv_r2_std': 0.012066619714498215}
2025-02-25 12:05:08,243 [INFO] AICortex - Documentada operación: Modelo Generado Exitosamente
2025-02-25 12:05:08,244 [INFO] AICortex - Validando el flujo completo en OracleAgent...
2025-02-25 12:05:08,244 [INFO] Oracle - Rendimiento del modelo validado correctamente
2025-02-25 12:05:08,272 [INFO] AICortex - Validación del flujo completada correctamente.
2025-02-25 12:05:08,275 [INFO] AICortex - Documentada operación: Validación Final del Workflow
2025-02-25 12:05:08,281 [INFO] AICortex - Workflow avanzando de DATA_LOADING a DEPLOYMENT
2025-02-25 12:05:08,283 [INFO] AICortex - Documentada operación: Cambio de Etapa: DEPLOYMENT
2025-02-25 12:05:08,285 [INFO] AICortex - Documentada operación: Despliegue del Modelo
2025-02-25 12:06:01,366 [INFO] AICortex - Workflow avanzando de DATA_LOADING a DATA_LOADING
2025-02-25 12:06:01,369 [INFO] AICortex - Documentada operación: Cambio de Etapa: DATA_LOADING
2025-02-25 12:06:01,404 [INFO] AICortex - Datos cargados desde sessions\442d7a9b-a8c4-4b76-a775-ba3ca6412685\442d7a9b-a8c4-4b76-a775-ba3ca6412685_dataset.csv: (9538, 17)
2025-02-25 12:06:01,426 [INFO] AICortex - Documentada operación: Carga de Datos
2025-02-25 12:06:01,428 [INFO] AICortex - Analizando la intención del usuario...
2025-02-25 12:06:02,402 [INFO] IntentAgent - Intención detectada: {'target_column': 'medicationUse', 'problem_type': 'classification', 'context': 'Predicción del uso de medicamentos (presumiblemente, sí/no o diferentes tipos de medicamentos)'}
2025-02-25 12:06:02,403 [INFO] AICortex - Resolviendo la columna objetivo...
2025-02-25 12:06:02,418 [INFO] AICortex - Documentada operación: Análisis Inicial del Dataset
2025-02-25 12:06:02,907 [INFO] AICortex - Columna objetivo seleccionada: MedicationUse
2025-02-25 12:06:02,916 [INFO] AICortex - Documentada operación: Análisis de la Columna Objetivo
2025-02-25 12:06:02,916 [INFO] AICortex - Columna objetivo establecida: MedicationUse
2025-02-25 12:06:02,922 [INFO] AICortex - Documentada operación: Selección de Columna Objetivo
2025-02-25 12:06:02,923 [INFO] AICortex - Iniciando preprocesamiento de datos...
2025-02-25 12:06:02,930 [INFO] AICortex - Documentada operación: Validación del Dataset
2025-02-25 12:06:02,941 [INFO] AICortex - Documentada operación: Análisis Exploratorio de Datos
2025-02-25 12:06:02,958 [INFO] AICortex - Documentada operación: Ingeniería de Características
2025-02-25 12:06:02,965 [INFO] AICortex - Documentada operación: Construcción del Pipeline de Preprocesamiento
2025-02-25 12:06:03,002 [INFO] AICortex - Documentada operación: Aplicación del Pipeline y Transformación de Datos
2025-02-25 12:06:03,002 [INFO] AICortex - Preprocesamiento completado correctamente.
2025-02-25 12:06:03,003 [INFO] AICortex - Iniciando conjuración del modelo...
2025-02-25 12:06:03,009 [INFO] AICortex - Documentada operación: Inicio del Proceso de Modelado
2025-02-25 12:06:03,013 [INFO] AICortex - Documentada operación: Selección Automática del Modelo
2025-02-25 12:06:03,020 [INFO] AICortex - Documentada operación: Validación de Entradas del Modelo
2025-02-25 12:06:03,033 [INFO] AICortex - Documentada operación: División en Conjuntos de Entrenamiento y Prueba
2025-02-25 12:06:04,118 [INFO] AICortex - Documentada operación: Entrenamiento del Modelo
2025-02-25 12:06:08,825 [INFO] AICortex - 
Reporte de clasificación:
              precision    recall  f1-score   support

           0       1.00      1.00      1.00      1135
           1       1.00      1.00      1.00       773

    accuracy                           1.00      1908
   macro avg       1.00      1.00      1.00      1908
weighted avg       1.00      1.00      1.00      1908

2025-02-25 12:06:08,831 [INFO] AICortex - Documentada operación: Evaluación del Modelo
2025-02-25 12:06:08,836 [INFO] AICortex - Documentada operación: Validación Cruzada
2025-02-25 12:06:08,836 [INFO] AICortex - Modelo generado y validado con éxito. Métricas: {'accuracy': 1.0, 'f1': 1.0, 'precision': 1.0, 'recall': 1.0, 'cv_accuracy_mean': 0.9998951232302045, 'cv_accuracy_std': 0.0002097535395909844}
2025-02-25 12:06:08,839 [INFO] AICortex - Documentada operación: Modelo Generado Exitosamente
2025-02-25 12:06:08,839 [INFO] AICortex - Validando el flujo completo en OracleAgent...
2025-02-25 12:06:08,839 [INFO] Oracle - Rendimiento del modelo validado correctamente
2025-02-25 12:06:08,872 [INFO] AICortex - Validación del flujo completada correctamente.
2025-02-25 12:06:08,878 [INFO] AICortex - Documentada operación: Validación Final del Workflow
2025-02-25 12:06:08,886 [INFO] AICortex - Workflow avanzando de DATA_LOADING a DEPLOYMENT
2025-02-25 12:06:08,889 [INFO] AICortex - Documentada operación: Cambio de Etapa: DEPLOYMENT
2025-02-25 12:06:08,894 [INFO] AICortex - Documentada operación: Despliegue del Modelo
2025-02-25 12:10:19,533 [INFO] AICortex - Workflow avanzando de DATA_LOADING a DATA_LOADING
2025-02-25 12:10:19,536 [INFO] AICortex - Documentada operación: Cambio de Etapa: DATA_LOADING
2025-02-25 12:10:19,543 [INFO] AICortex - Datos cargados desde sessions\63b2c473-5915-4cdd-b4cb-78e56b8727a8\63b2c473-5915-4cdd-b4cb-78e56b8727a8_dataset.csv: (77, 16)
2025-02-25 12:10:19,558 [INFO] AICortex - Documentada operación: Carga de Datos
2025-02-25 12:10:19,560 [INFO] AICortex - Analizando la intención del usuario...
2025-02-25 12:10:20,384 [INFO] IntentAgent - Intención detectada: {'target_column': 'rating', 'problem_type': 'regression', 'context': 'Predicción de la valoración de cada cereal'}
2025-02-25 12:10:20,385 [INFO] AICortex - Resolviendo la columna objetivo...
2025-02-25 12:10:20,398 [INFO] AICortex - Documentada operación: Análisis Inicial del Dataset
2025-02-25 12:10:20,871 [INFO] AICortex - Columna objetivo seleccionada: rating
2025-02-25 12:10:20,875 [INFO] AICortex - Documentada operación: Análisis de la Columna Objetivo
2025-02-25 12:10:20,876 [INFO] AICortex - Columna objetivo establecida: rating
2025-02-25 12:10:20,877 [INFO] AICortex - Documentada operación: Selección de Columna Objetivo
2025-02-25 12:10:20,879 [INFO] AICortex - Iniciando preprocesamiento de datos...
2025-02-25 12:10:20,879 [WARNING] DataAlchemist - Dataset tiene menos de 100 filas: 77
2025-02-25 12:10:20,882 [INFO] AICortex - Documentada operación: Validación del Dataset
2025-02-25 12:10:20,885 [INFO] AICortex - Documentada operación: Análisis Exploratorio de Datos
2025-02-25 12:10:20,893 [INFO] AICortex - Documentada operación: Ingeniería de Características
2025-02-25 12:10:20,898 [INFO] AICortex - Documentada operación: Construcción del Pipeline de Preprocesamiento
2025-02-25 12:10:20,942 [INFO] AICortex - Documentada operación: Aplicación del Pipeline y Transformación de Datos
2025-02-25 12:10:20,942 [INFO] AICortex - Preprocesamiento completado correctamente.
2025-02-25 12:10:20,943 [INFO] AICortex - Iniciando conjuración del modelo...
2025-02-25 12:10:20,948 [INFO] AICortex - Documentada operación: Inicio del Proceso de Modelado
2025-02-25 12:10:21,046 [INFO] AICortex - Documentada operación: Selección Automática del Modelo
2025-02-25 12:10:21,050 [INFO] AICortex - Documentada operación: Validación de Entradas del Modelo
2025-02-25 12:10:21,055 [INFO] AICortex - Documentada operación: División en Conjuntos de Entrenamiento y Prueba
2025-02-25 12:10:21,208 [INFO] AICortex - Documentada operación: Entrenamiento del Modelo
2025-02-25 12:10:21,709 [INFO] AICortex - Documentada operación: Evaluación del Modelo
2025-02-25 12:10:21,712 [INFO] AICortex - Documentada operación: Validación Cruzada
2025-02-25 12:10:21,714 [INFO] AICortex - Modelo generado y validado con éxito. Métricas: {'r2': 0.8272544922361549, 'mse': 37.94446150270675, 'rmse': 6.15990758881225, 'cv_r2_mean': 0.7496235808437788, 'cv_r2_std': 0.04490488955235189}
2025-02-25 12:10:21,717 [INFO] AICortex - Documentada operación: Modelo Generado Exitosamente
2025-02-25 12:10:21,718 [INFO] AICortex - Validando el flujo completo en OracleAgent...
2025-02-25 12:10:21,721 [WARNING] Oracle - Conjunto de datos tiene menos de 100 filas
2025-02-25 12:10:21,723 [INFO] Oracle - Rendimiento del modelo validado correctamente
2025-02-25 12:10:21,799 [INFO] AICortex - Validación del flujo completada correctamente.
2025-02-25 12:10:21,803 [INFO] AICortex - Documentada operación: Validación Final del Workflow
2025-02-25 12:10:21,828 [INFO] AICortex - Workflow avanzando de DATA_LOADING a DEPLOYMENT
2025-02-25 12:10:21,831 [INFO] AICortex - Documentada operación: Cambio de Etapa: DEPLOYMENT
2025-02-25 12:10:21,835 [INFO] AICortex - Documentada operación: Despliegue del Modelo
